<?xml version="1.0" encoding="UTF-8"?>
<testsuite xmlns:xsi="http://www.w3.org/2001/XMLSchema-instance" xsi:noNamespaceSchemaLocation="https://maven.apache.org/surefire/maven-surefire-plugin/xsd/surefire-test-report.xsd" version="3.0.2" name="com.dnsManagement.WorkFlowIpVaptService.WorkFlowIpVaptServiceApplicationTests" time="23.37" tests="1" errors="0" skipped="0" failures="0">
  <properties>
[...]
</properties>
  <testcase name="contextLoads" classname="com.dnsManagement.WorkFlowIpVaptService.WorkFlowIpVaptServiceApplicationTests" time="0.978">
    <system-out><![CDATA[22:02:16.531 [main] INFO org.springframework.test.context.support.AnnotationConfigContextLoaderUtils -- Could not detect default configuration classes for test class [com.dnsManagement.WorkFlowIpVaptService.WorkFlowIpVaptServiceApplicationTests]: WorkFlowIpVaptServiceApplicationTests does not declare any static, non-private, non-final, nested classes annotated with @Configuration.
22:02:16.938 [main] INFO org.springframework.boot.test.context.SpringBootTestContextBootstrapper -- Found @SpringBootConfiguration com.dnsManagement.WorkFlowIpVaptService.WorkFlowIpVaptServiceApplication for test class com.dnsManagement.WorkFlowIpVaptService.WorkFlowIpVaptServiceApplicationTests
22:02:18.066 [main] INFO org.springframework.boot.devtools.restart.RestartApplicationListener -- Restart disabled due to context in which it is running

  .   ____          _            __ _ _
 /\\ / ___'_ __ _ _(_)_ __  __ _ \ \ \ \
( ( )\___ | '_ | '_| | '_ \/ _` | \ \ \ \
 \\/  ___)| |_)| | | | | || (_| |  ) ) ) )
  '  |____| .__|_| |_|_| |_\__, | / / / /
 =========|_|==============|___/=/_/_/_/

 :: Spring Boot ::                (v3.4.4)

2025-07-06 22:02:20.642 [background-preinit] INFO  o.h.validator.internal.util.Version - HV000001: Hibernate Validator 8.0.0.Final
2025-07-06 22:02:20.758 [main] INFO  c.d.W.WorkFlowIpVaptServiceApplicationTests - Starting WorkFlowIpVaptServiceApplicationTests using Java 21.0.6 with PID 24072 (started by Rishi in C:\Users\Rishi\Desktop\Projects\CdacDnsManagementSystem\WorkFlowIpVaptService)
2025-07-06 22:02:20.759 [main] DEBUG c.d.W.WorkFlowIpVaptServiceApplicationTests - Running with Spring Boot v3.4.4, Spring v6.2.5
2025-07-06 22:02:20.761 [main] INFO  c.d.W.WorkFlowIpVaptServiceApplicationTests - No active profile set, falling back to 1 default profile: "default"
2025-07-06 22:02:24.079 [main] INFO  o.s.d.r.c.RepositoryConfigurationDelegate - Bootstrapping Spring Data JPA repositories in DEFAULT mode.
2025-07-06 22:02:24.638 [main] INFO  o.s.d.r.c.RepositoryConfigurationDelegate - Finished Spring Data repository scanning in 530 ms. Found 6 JPA repository interfaces.
2025-07-06 22:02:25.475 [main] INFO  o.s.cloud.context.scope.GenericScope - BeanFactory id=666c6d3b-e9c0-3287-a12f-a5d83cb362c5
2025-07-06 22:02:26.782 [main] INFO  o.h.jpa.internal.util.LogHelper - HHH000204: Processing PersistenceUnitInfo [name: default]
2025-07-06 22:02:26.884 [main] INFO  org.hibernate.Version - HHH000412: Hibernate ORM core version 6.6.11.Final
2025-07-06 22:02:26.945 [main] INFO  o.h.c.i.RegionFactoryInitiator - HHH000026: Second-level cache disabled
2025-07-06 22:02:27.590 [main] INFO  o.s.o.j.p.SpringPersistenceUnitInfo - No LoadTimeWeaver setup: ignoring JPA class transformer
2025-07-06 22:02:27.697 [main] INFO  com.zaxxer.hikari.HikariDataSource - HikariPool-1 - Starting...
2025-07-06 22:02:28.175 [main] INFO  com.zaxxer.hikari.pool.HikariPool - HikariPool-1 - Added connection conn0: url=jdbc:h2:mem:testdb user=SA
2025-07-06 22:02:28.181 [main] INFO  com.zaxxer.hikari.HikariDataSource - HikariPool-1 - Start completed.
2025-07-06 22:02:28.236 [main] WARN  org.hibernate.orm.deprecation - HHH90000025: H2Dialect does not need to be specified explicitly using 'hibernate.dialect' (remove the property setting and it will be selected by default)
2025-07-06 22:02:28.290 [main] INFO  o.hibernate.orm.connections.pooling - HHH10001005: Database info:
	Database JDBC URL [Connecting through datasource 'HikariDataSource (HikariPool-1)']
	Database driver: undefined/unknown
	Database version: 2.3.232
	Autocommit mode: undefined/unknown
	Isolation level: undefined/unknown
	Minimum pool size: undefined/unknown
	Maximum pool size: undefined/unknown
2025-07-06 22:02:30.971 [main] INFO  o.h.e.t.j.p.i.JtaPlatformInitiator - HHH000489: No JTA platform available (set 'hibernate.transaction.jta.platform' to enable JTA platform integration)
2025-07-06 22:02:31.071 [main] INFO  o.s.o.j.LocalContainerEntityManagerFactoryBean - Initialized JPA EntityManagerFactory for persistence unit 'default'
2025-07-06 22:02:31.692 [main] INFO  o.s.d.j.r.query.QueryEnhancerFactory - Hibernate is in classpath; If applicable, HQL parser will be used.
2025-07-06 22:02:33.578 [main] WARN  o.s.b.a.o.j.JpaBaseConfiguration$JpaWebConfiguration - spring.jpa.open-in-view is enabled by default. Therefore, database queries may be performed during view rendering. Explicitly configure spring.jpa.open-in-view to disable this warning
2025-07-06 22:02:33.785 [main] INFO  o.s.c.o.FeignClientFactoryBean - For 'notification-service' URL not provided. Will try picking an instance via load-balancing.
2025-07-06 22:02:34.091 [main] INFO  o.s.c.o.FeignClientFactoryBean - For 'user-management-service' URL not provided. Will try picking an instance via load-balancing.
2025-07-06 22:02:34.285 [main] INFO  o.s.c.o.FeignClientFactoryBean - For 'RENEWAL-TRANSFER-SERVICE' URL not provided. Will try picking an instance via load-balancing.
2025-07-06 22:02:34.616 [main] WARN  o.s.b.a.s.s.UserDetailsServiceAutoConfiguration - 

Using generated security password: 439fff99-f160-409e-8b38-e9d6e58dbc82

This generated password is for development use only. Your security configuration must be updated before running your application in production.

2025-07-06 22:02:34.703 [main] INFO  o.s.s.c.a.a.c.InitializeUserDetailsBeanManagerConfigurer$InitializeUserDetailsManagerConfigurer - Global AuthenticationManager configured with UserDetailsService bean with name inMemoryUserDetailsManager
2025-07-06 22:02:35.872 [main] INFO  o.s.b.a.e.web.EndpointLinksResolver - Exposing 1 endpoint beneath base path '/actuator'
2025-07-06 22:02:37.967 [main] INFO  o.s.cloud.commons.util.InetUtils - Cannot determine local hostname
2025-07-06 22:02:38.013 [main] INFO  o.s.c.n.e.c.DiscoveryClientOptionalArgsConfiguration - Eureka HTTP Client uses RestTemplate.
2025-07-06 22:02:38.104 [main] WARN  o.s.c.l.c.LoadBalancerCacheAutoConfiguration$LoadBalancerCaffeineWarnLogger - Spring Cloud LoadBalancer is currently working with the default cache. While this cache implementation is useful for development and tests, it's recommended to use Caffeine cache in production.You can switch to using Caffeine cache, by adding it and org.springframework.cache.caffeine.CaffeineCacheManager to the classpath.
2025-07-06 22:02:38.241 [main] INFO  c.d.W.WorkFlowIpVaptServiceApplicationTests - Started WorkFlowIpVaptServiceApplicationTests in 20.25 seconds (process running for 24.354)
]]></system-out>
    <system-err><![CDATA[Mockito is currently self-attaching to enable the inline-mock-maker. This will no longer work in future releases of the JDK. Please add Mockito as an agent to your build what is described in Mockito's documentation: https://javadoc.io/doc/org.mockito/mockito-core/latest/org/mockito/Mockito.html#0.3
WARNING: A Java agent has been loaded dynamically (C:\Users\Rishi\.m2\repository\net\bytebuddy\byte-buddy-agent\1.15.11\byte-buddy-agent-1.15.11.jar)
WARNING: If a serviceability tool is in use, please run with -XX:+EnableDynamicAgentLoading to hide this warning
WARNING: If a serviceability tool is not in use, please run with -Djdk.instrument.traceUsage for more information
WARNING: Dynamic loading of agents will be disallowed by default in a future release
]]></system-err>
  </testcase>
</testsuite>